================================================================
======== txAdmin v7.3.1 atop fxserver 10367 Starting - 17/10/2024 12:58:34
================================================================
[12:59:11][Orion_Group] created admins file
[13:00:32][Orion_Group] Changing global settings via setup stepper and started Deployer.
[13:00:36][Orion_Group] Setting recipe.
[13:02:11][Orion_Group] Running recipe.
[13:31:35][Orion_Group] Completed and committed server deploy.
================================================================
======== txAdmin v7.3.1 atop fxserver 10367 Starting - 17/10/2024 14:11:11
================================================================
================================================================
======== txAdmin v7.3.1 atop fxserver 10367 Starting - 17/10/2024 14:39:36
================================================================
================================================================
======== txAdmin v7.3.1 atop fxserver 10367 Starting - 17/10/2024 15:09:23
================================================================
================================================================
======== txAdmin v7.3.1 atop fxserver 10367 Starting - 17/10/2024 15:10:41
================================================================
================================================================
======== txAdmin v7.3.1 atop fxserver 10367 Starting - 17/10/2024 15:24:48
================================================================
