================================================================
======== txAdmin v7.3.2 atop fxserver 10488 Starting - 20/10/2024 00:02:55
================================================================
================================================================
======== Log Rotated - 20/10/2024 00:02:55                      
================================================================
================================================================
======== txAdmin v7.3.2 atop fxserver 10488 Starting - 20/10/2024 00:21:55
================================================================
================================================================
======== txAdmin v7.3.2 atop fxserver 10488 Starting - 20/10/2024 00:23:29
================================================================
================================================================
======== txAdmin v7.3.2 atop fxserver 10488 Starting - 20/10/2024 00:26:29
================================================================
================================================================
======== txAdmin v7.3.2 atop fxserver 10488 Starting - 20/10/2024 00:31:05
================================================================
[00:32:48][Orion_Group] logged in from 127.0.0.1 via cfxre
================================================================
======== txAdmin v7.3.2 atop fxserver 10488 Starting - 20/10/2024 12:36:43
================================================================
================================================================
======== txAdmin v7.3.2 atop fxserver 10488 Starting - 20/10/2024 15:35:52
================================================================
================================================================
======== txAdmin v7.3.2 atop fxserver 10488 Starting - 20/10/2024 16:41:04
================================================================
================================================================
======== txAdmin v7.3.2 atop fxserver 10488 Starting - 20/10/2024 22:34:39
================================================================
================================================================
======== txAdmin v7.3.2 atop fxserver 10488 Starting - 20/10/2024 23:58:22
================================================================
================================================================
======== txAdmin v7.3.2 atop fxserver 10488 Starting - 20/10/2024 23:58:46
================================================================
================================================================
======== txAdmin v7.3.2 atop fxserver 10488 Starting - 20/10/2024 23:59:59
================================================================
[01:14:12][MONITOR] Restarting server: server close detected (HB:16|HC:14)
================================================================
======== txAdmin v7.3.2 atop fxserver 10488 Starting - 21/10/2024 10:52:15
================================================================
================================================================
======== txAdmin v7.3.2 atop fxserver 10488 Starting - 21/10/2024 10:55:32
================================================================
================================================================
======== txAdmin v7.3.2 atop fxserver 10488 Starting - 21/10/2024 10:56:40
================================================================
================================================================
======== txAdmin v7.3.2 atop fxserver 10488 Starting - 21/10/2024 10:57:46
================================================================
================================================================
======== txAdmin v7.3.2 atop fxserver 10488 Starting - 21/10/2024 11:05:43
================================================================
================================================================
======== txAdmin v7.3.2 atop fxserver 10488 Starting - 21/10/2024 11:07:20
================================================================
================================================================
======== txAdmin v7.3.2 atop fxserver 10488 Starting - 21/10/2024 15:08:08
================================================================
================================================================
======== txAdmin v7.3.2 atop fxserver 10488 Starting - 21/10/2024 15:24:28
================================================================
================================================================
======== txAdmin v7.3.2 atop fxserver 10488 Starting - 21/10/2024 15:41:06
================================================================
================================================================
======== txAdmin v7.3.2 atop fxserver 10488 Starting - 21/10/2024 15:51:54
================================================================
================================================================
======== txAdmin v7.3.2 atop fxserver 10488 Starting - 21/10/2024 21:34:15
================================================================
================================================================
======== txAdmin v7.3.2 atop fxserver 10488 Starting - 21/10/2024 22:05:15
================================================================
