================================================================
======== txAdmin v7.3.1 atop fxserver 10367 Starting - 19/10/2024 12:37:16
================================================================
================================================================
======== Log Rotated - 19/10/2024 12:37:16                      
================================================================
================================================================
======== txAdmin v7.3.1 atop fxserver 10367 Starting - 19/10/2024 13:01:15
================================================================
[18:26:09][Orion_Group] logged in from 127.0.0.1 via cfxre
[18:26:24][Orion_Group] executed "stop "mri_Qchat""
[18:26:34][Orion_Group] executed "refresh"
[18:26:38][Orion_Group] executed "ensure "cc-chat""
[18:26:41][Orion_Group] executed "ensure "cc-rpchat""
================================================================
======== txAdmin v7.3.1 atop fxserver 10367 Starting - 19/10/2024 20:32:57
================================================================
================================================================
======== txAdmin v7.3.1 atop fxserver 10367 Starting - 19/10/2024 20:37:14
================================================================
================================================================
======== txAdmin v7.3.1 atop fxserver 10367 Starting - 19/10/2024 20:41:21
================================================================
[20:41:50][Orion_Group] logged in from 127.0.0.1 via cfxre
================================================================
======== txAdmin v7.3.1 atop fxserver 10367 Starting - 19/10/2024 20:43:34
================================================================
[20:46:06][Orion_Group] logged in from 127.0.0.1 via cfxre
[20:46:30][Orion_Group] executed "ensure "renzu_multicharacter""
================================================================
======== txAdmin v7.3.1 atop fxserver 10367 Starting - 19/10/2024 20:54:56
================================================================
================================================================
======== txAdmin v7.3.1 atop fxserver 10367 Starting - 19/10/2024 21:11:44
================================================================
================================================================
======== txAdmin v7.3.1 atop fxserver 10367 Starting - 19/10/2024 21:22:20
================================================================
================================================================
======== txAdmin v7.3.1 atop fxserver 10367 Starting - 19/10/2024 21:28:55
================================================================
================================================================
======== txAdmin v7.3.2 atop fxserver 10488 Starting - 19/10/2024 21:30:13
================================================================
[21:31:38][Orion_Group] logged in from 127.0.0.1 via cfxre
================================================================
======== txAdmin v7.3.2 atop fxserver 10488 Starting - 19/10/2024 21:36:42
================================================================
[22:42:53][Orion_Group] logged in from 127.0.0.1 via cfxre
================================================================
======== txAdmin v7.3.2 atop fxserver 10488 Starting - 19/10/2024 23:04:07
================================================================
================================================================
======== txAdmin v7.3.2 atop fxserver 10488 Starting - 19/10/2024 23:38:38
================================================================
================================================================
======== txAdmin v7.3.2 atop fxserver 10488 Starting - 19/10/2024 23:41:16
================================================================
================================================================
======== txAdmin v7.3.2 atop fxserver 10488 Starting - 19/10/2024 23:56:06
================================================================
