================================================================
======== txAdmin v7.3.2 atop fxserver 10488 Starting - 22/10/2024 19:23:00
================================================================
================================================================
======== Log Rotated - 22/10/2024 19:23:00                      
================================================================
================================================================
======== txAdmin v7.3.2 atop fxserver 10488 Starting - 22/10/2024 19:45:56
================================================================
================================================================
======== txAdmin v7.3.2 atop fxserver 10488 Starting - 22/10/2024 19:56:04
================================================================
================================================================
======== txAdmin v7.3.2 atop fxserver 10488 Starting - 22/10/2024 19:59:44
================================================================
================================================================
======== txAdmin v7.3.2 atop fxserver 10488 Starting - 22/10/2024 20:03:34
================================================================
================================================================
======== txAdmin v7.3.2 atop fxserver 10488 Starting - 22/10/2024 20:05:10
================================================================
================================================================
======== txAdmin v7.3.2 atop fxserver 10488 Starting - 22/10/2024 20:05:31
================================================================
================================================================
======== txAdmin v7.3.2 atop fxserver 10488 Starting - 22/10/2024 20:08:47
================================================================
================================================================
======== txAdmin v7.3.2 atop fxserver 10488 Starting - 22/10/2024 20:48:30
================================================================
================================================================
======== txAdmin v7.3.2 atop fxserver 10488 Starting - 22/10/2024 22:06:21
================================================================
[22:19:59][Orion_Group] logged in from 127.0.0.1 via cfxre
[22:20:25][Orion_Group] executed "refresh"
[22:20:30][Orion_Group] executed "ensure "mri_Qadmin""
[22:20:52][Orion_Group] executed "ensure "qbx_vehicleshop""
[22:22:12][Orion_Group] executed "ensure "qbx_vehicleshop""
[22:23:17][Orion_Group] executed "ensure "qbx_vehicleshop""
[22:23:59][Orion_Group] executed "ensure "qbx_vehicleshop""
[22:24:43][Orion_Group] executed "ensure "qbx_vehicleshop""
[22:25:18][Orion_Group] executed "ensure "qbx_vehicleshop""
[22:26:05][Orion_Group] executed "ensure "qbx_vehicleshop""
[22:33:39][Orion_Group] executed "ensure "qbx_vehicleshop""
================================================================
======== txAdmin v7.3.2 atop fxserver 10488 Starting - 22/10/2024 22:34:30
================================================================
[22:36:06][Orion_Group] logged in from 127.0.0.1 via cfxre
[22:36:11][Orion_Group] executed "ensure "qbx_vehicleshop""
[22:36:29][Orion_Group] executed "ensure "qbx_vehicleshop""
[22:36:40][Orion_Group] executed "ensure "qbx_vehicleshop""
[22:38:16][Orion_Group] executed "ensure "qbx_vehicleshop""
[22:45:26][Orion_Group] executed "ensure "qbx_vehicleshop""
================================================================
======== txAdmin v7.3.2 atop fxserver 10488 Starting - 22/10/2024 23:12:09
================================================================
================================================================
======== txAdmin v7.3.2 atop fxserver 10488 Starting - 22/10/2024 23:14:25
================================================================
[23:17:13][Orion_Group] logged in from 127.0.0.1 via cfxre
[23:17:25][Orion_Group] executed "ensure "qbx_vehicleshop""
[23:21:35][Orion_Group] executed "ensure "qbx_vehicleshop""
[23:23:37][Orion_Group] executed "ensure "qbx_vehicleshop""
[23:23:50][Orion_Group] executed "ensure "qbx_vehicleshop""
[23:24:50][Orion_Group] executed "ensure "qbx_vehicleshop""
[23:42:58][Orion_Group] executed "ensure "qbx_core""
[23:43:18][Orion_Group] executed "RESTART SERVER"
[23:46:33][Orion_Group] executed "RESTART SERVER"
[23:52:38][Orion_Group] executed "ensure "qbx_core""
[23:52:51][Orion_Group] executed "RESTART SERVER"
[00:00:14][Orion_Group] executed "ensure "qbx_vehicleshop""
[00:01:49][Orion_Group] executed "ensure "qbx_vehicleshop""
[00:02:00][Orion_Group] executed "ensure "qbx_vehicleshop""
[00:03:30][Orion_Group] executed "RESTART SERVER"
[00:11:17][Orion_Group] executed "RESTART SERVER"
[00:16:01][Orion_Group] executed "ensure "qbx_core""
[00:16:22][Orion_Group] executed "RESTART SERVER"
[00:23:55][Orion_Group] executed "RESTART SERVER"
[00:27:54][Orion_Group] executed "RESTART SERVER"
[00:30:43][Orion_Group] executed "ensure "qbx_vehicleshop""
================================================================
======== txAdmin v7.3.2 atop fxserver 10488 Starting - 23/10/2024 20:27:11
================================================================
