================================================================
======== Log Rotated - 23/10/2024 00:00:00                      
================================================================
[00:00:36] [aaAJr#1] DJotaBR: said "/-showMenu"
[00:00:38] [aaAJr#1] DJotaBR: said "/-showMenu"
[00:03:47] txAdmin: Logger started
[00:04:54] [cfQKX#1] DJotaBR: joined with identifiers [steam:1100001071cc5e5; license:c4863b127a3bb644e2f7927977229b814e4b8ced; xbl:2533274995096330; live:985156982311417; discord:216728790850600960; fivem:6780987; license2:31e79e4b5b682e87c3693ddb66112fef0c358129]
[00:11:34] txAdmin: Logger started
[00:12:07] [eCqkz#1] DJotaBR: joined with identifiers [steam:1100001071cc5e5; license:c4863b127a3bb644e2f7927977229b814e4b8ced; xbl:2533274995096330; live:985156982311417; discord:216728790850600960; fivem:6780987; license2:31e79e4b5b682e87c3693ddb66112fef0c358129]
[00:13:52] [eCqkz#1] DJotaBR: disconnected (Exiting)
[00:16:38] txAdmin: Logger started
[00:17:11] [wnVwD#1] DJotaBR: joined with identifiers [steam:1100001071cc5e5; license:c4863b127a3bb644e2f7927977229b814e4b8ced; xbl:2533274995096330; live:985156982311417; discord:216728790850600960; fivem:6780987; license2:31e79e4b5b682e87c3693ddb66112fef0c358129]
[00:19:05] [wnVwD#1] DJotaBR: disconnected (Exiting)
[00:19:32] [wnVwD#2] DJotaBR: joined with identifiers [steam:1100001071cc5e5; license:c4863b127a3bb644e2f7927977229b814e4b8ced; xbl:2533274995096330; live:985156982311417; discord:216728790850600960; fivem:6780987; license2:31e79e4b5b682e87c3693ddb66112fef0c358129]
[00:24:11] txAdmin: Logger started
[00:24:42] [Xa3Vr#1] DJotaBR: joined with identifiers [steam:1100001071cc5e5; license:c4863b127a3bb644e2f7927977229b814e4b8ced; xbl:2533274995096330; live:985156982311417; discord:216728790850600960; fivem:6780987; license2:31e79e4b5b682e87c3693ddb66112fef0c358129]
[00:28:12] txAdmin: Logger started
[00:28:57] [wxAeA#1] DJotaBR: joined with identifiers [steam:1100001071cc5e5; license:c4863b127a3bb644e2f7927977229b814e4b8ced; xbl:2533274995096330; live:985156982311417; discord:216728790850600960; fivem:6780987; license2:31e79e4b5b682e87c3693ddb66112fef0c358129]
[00:32:28] [wxAeA#1] DJotaBR: disconnected (Exiting)
================================================================
======== txAdmin v7.3.2 atop fxserver 10488 Starting - 23/10/2024 20:27:11
================================================================
[20:28:18] txAdmin: Logger started
[20:31:05] [PDmhy#1] DJotaBR: joined with identifiers [steam:1100001071cc5e5; license:c4863b127a3bb644e2f7927977229b814e4b8ced; xbl:2533274995096330; live:985156982311417; discord:216728790850600960; fivem:6780987; license2:31e79e4b5b682e87c3693ddb66112fef0c358129]
[20:31:56] [PDmhy#1] DJotaBR: said "/-showMenu"
[20:32:21] [PDmhy#1] DJotaBR: said "/-showMenu"
[20:34:30] [PDmhy#1] DJotaBR: said "/-usePoint"
[20:34:32] [PDmhy#1] DJotaBR: said "/-usePoint"
[20:34:34] [PDmhy#1] DJotaBR: said "/-usePoint"
[20:34:37] [PDmhy#1] DJotaBR: said "/-usePoint"
[20:34:42] [PDmhy#1] DJotaBR: said "/-usePoint"
[20:34:45] [PDmhy#1] DJotaBR: said "/-usePoint"
[20:34:48] [PDmhy#1] DJotaBR: said "/-usePoint"
[20:38:19] [PDmhy#1] DJotaBR: said "/-usePoint"
[20:38:41] [PDmhy#1] DJotaBR: said "/-usePoint"
[20:39:09] [PDmhy#1] DJotaBR: said "/-usePoint"
[20:39:16] [PDmhy#1] DJotaBR: said "/-usePoint"
[20:39:26] [PDmhy#1] DJotaBR: said "/-usePoint"
[20:39:38] [PDmhy#1] DJotaBR: said "/-usePoint"
[20:41:48] [PDmhy#1] DJotaBR: said "/-usePoint"
[20:42:07] [PDmhy#1] DJotaBR: said "/-usePoint"
[20:42:23] [PDmhy#1] DJotaBR: said "/-usePoint"
[20:42:25] [PDmhy#1] DJotaBR: said "/-usePoint"
[20:42:28] [PDmhy#1] DJotaBR: said "/-usePoint"
[20:44:35] [PDmhy#1] DJotaBR: disconnected (Exiting)
