================================================================
======== txAdmin v7.3.1 atop fxserver 10367 Starting - 19/10/2024 12:37:16
================================================================
================================================================
======== Log Rotated - 19/10/2024 12:37:16                      
================================================================
[12:37:52] txAdmin: Logger started
[12:38:36] [MtCeG#1] DJotaBR: joined with identifiers [steam:1100001071cc5e5; license:c4863b127a3bb644e2f7927977229b814e4b8ced; xbl:2533274995096330; live:985156982311417; discord:216728790850600960; fivem:6780987; license2:31e79e4b5b682e87c3693ddb66112fef0c358129]
[13:01:00] [MtCeG#1] DJotaBR: disconnected (Exiting)
================================================================
======== txAdmin v7.3.1 atop fxserver 10367 Starting - 19/10/2024 13:01:15
================================================================
[13:01:22] txAdmin: Logger started
[13:05:11] [knBTn#1] DJotaBR: joined with identifiers [steam:1100001071cc5e5; license:c4863b127a3bb644e2f7927977229b814e4b8ced; xbl:2533274995096330; live:985156982311417; discord:216728790850600960; fivem:6780987; license2:31e79e4b5b682e87c3693ddb66112fef0c358129]
[18:10:25] [knBTn#1] DJotaBR: disconnected (Exiting)
[18:28:09] [knBTn#2] DJotaBR: joined with identifiers [steam:1100001071cc5e5; license:c4863b127a3bb644e2f7927977229b814e4b8ced; xbl:2533274995096330; live:985156982311417; discord:216728790850600960; fivem:6780987; license2:31e79e4b5b682e87c3693ddb66112fef0c358129]
[18:29:18] [knBTn#2] DJotaBR: said "/tw mri fodaaa"
[18:29:23] [knBTn#2] DJotaBR: said "/tw mri"
[18:29:46] [knBTn#2] DJotaBR: said "asgdhjagsj"
[18:30:42] [knBTn#2] DJotaBR: said "oi :sweat_smile:"
[18:30:59] [knBTn#2] DJotaBR: said ":sweat_smile::sweat_smile::sweat_smile::sweat_smile::sweat_smile::sweat_smile:"
[18:32:55] [knBTn#2] DJotaBR: disconnected (Game crashed: GTA5_b3095.exe!??_H@YAXPEAX_KHP6APEAX0@Z@Z (0x0))
[18:33:38] [knBTn#3] DJotaBR: joined with identifiers [steam:1100001071cc5e5; license:c4863b127a3bb644e2f7927977229b814e4b8ced; xbl:2533274995096330; live:985156982311417; discord:216728790850600960; fivem:6780987; license2:31e79e4b5b682e87c3693ddb66112fef0c358129]
[18:36:02] [knBTn#3] DJotaBR: said "asdahkdjahsdkjas"
[18:36:22] [knBTn#3] DJotaBR: said "asdasjdhakjsdh"
[20:23:47] [knBTn#3] DJotaBR: disconnected (Exiting)
[20:24:17] [knBTn#4] DJotaBR: joined with identifiers [steam:1100001071cc5e5; license:c4863b127a3bb644e2f7927977229b814e4b8ced; xbl:2533274995096330; live:985156982311417; discord:216728790850600960; fivem:6780987; license2:31e79e4b5b682e87c3693ddb66112fef0c358129]
[20:25:22] [knBTn#4] DJotaBR: disconnected (Exiting)
================================================================
======== txAdmin v7.3.1 atop fxserver 10367 Starting - 19/10/2024 20:32:57
================================================================
[20:33:13] txAdmin: Logger started
[20:33:55] [zEMz8#1] DJotaBR: joined with identifiers [steam:1100001071cc5e5; license:c4863b127a3bb644e2f7927977229b814e4b8ced; xbl:2533274995096330; live:985156982311417; discord:216728790850600960; fivem:6780987; license2:31e79e4b5b682e87c3693ddb66112fef0c358129]
[20:34:48] [zEMz8#1] DJotaBR: disconnected (Exiting)
================================================================
======== txAdmin v7.3.1 atop fxserver 10367 Starting - 19/10/2024 20:37:14
================================================================
[20:37:31] txAdmin: Logger started
[20:38:23] [Xgf9b#1] DJotaBR: joined with identifiers [steam:1100001071cc5e5; license:c4863b127a3bb644e2f7927977229b814e4b8ced; xbl:2533274995096330; live:985156982311417; discord:216728790850600960; fivem:6780987; license2:31e79e4b5b682e87c3693ddb66112fef0c358129]
[20:39:22] [Xgf9b#1] DJotaBR: disconnected (Exiting)
================================================================
======== txAdmin v7.3.1 atop fxserver 10367 Starting - 19/10/2024 20:41:21
================================================================
[20:41:29] txAdmin: Logger started
[20:41:41] [b3jz9#1] DJotaBR: joined with identifiers [steam:1100001071cc5e5; license:c4863b127a3bb644e2f7927977229b814e4b8ced; xbl:2533274995096330; live:985156982311417; discord:216728790850600960; fivem:6780987; license2:31e79e4b5b682e87c3693ddb66112fef0c358129]
[20:42:38] [b3jz9#1] DJotaBR: disconnected (Exiting)
================================================================
======== txAdmin v7.3.1 atop fxserver 10367 Starting - 19/10/2024 20:43:34
================================================================
[20:44:02] txAdmin: Logger started
[20:44:45] [8kw9C#1] DJotaBR: joined with identifiers [steam:1100001071cc5e5; license:c4863b127a3bb644e2f7927977229b814e4b8ced; xbl:2533274995096330; live:985156982311417; discord:216728790850600960; fivem:6780987; license2:31e79e4b5b682e87c3693ddb66112fef0c358129]
[20:48:25] [8kw9C#1] DJotaBR: disconnected (Exiting)
================================================================
======== txAdmin v7.3.1 atop fxserver 10367 Starting - 19/10/2024 20:54:56
================================================================
[20:55:08] txAdmin: Logger started
[20:55:41] [V8yF9#1] DJotaBR: joined with identifiers [steam:1100001071cc5e5; license:c4863b127a3bb644e2f7927977229b814e4b8ced; xbl:2533274995096330; live:985156982311417; discord:216728790850600960; fivem:6780987; license2:31e79e4b5b682e87c3693ddb66112fef0c358129]
[21:10:33] [V8yF9#1] DJotaBR: said "sadgajhsdgasjd"
[21:10:33] [V8yF9#1] DJotaBR: said "sadgajhsdgasjd"
[21:10:40] [V8yF9#1] DJotaBR: disconnected (Exiting)
================================================================
======== txAdmin v7.3.1 atop fxserver 10367 Starting - 19/10/2024 21:11:44
================================================================
[21:11:55] txAdmin: Logger started
[21:13:30] [jqY6Q#1] DJotaBR: joined with identifiers [steam:1100001071cc5e5; license:c4863b127a3bb644e2f7927977229b814e4b8ced; xbl:2533274995096330; live:985156982311417; discord:216728790850600960; fivem:6780987; license2:31e79e4b5b682e87c3693ddb66112fef0c358129]
[21:20:12] [jqY6Q#1] DJotaBR: said "/relg"
[21:20:12] [jqY6Q#1] DJotaBR: said "/relg"
[21:20:32] [jqY6Q#1] DJotaBR: said "//relog"
[21:20:32] [jqY6Q#1] DJotaBR: said "//relog"
[21:20:34] [jqY6Q#1] DJotaBR: disconnected (Exiting)
================================================================
======== txAdmin v7.3.1 atop fxserver 10367 Starting - 19/10/2024 21:22:20
================================================================
[21:22:30] txAdmin: Logger started
[21:22:56] [Eg9J4#1] DJotaBR: joined with identifiers [steam:1100001071cc5e5; license:c4863b127a3bb644e2f7927977229b814e4b8ced; xbl:2533274995096330; live:985156982311417; discord:216728790850600960; fivem:6780987; license2:31e79e4b5b682e87c3693ddb66112fef0c358129]
[21:24:52] [Eg9J4#1] DJotaBR: disconnected (Exiting)
================================================================
======== txAdmin v7.3.1 atop fxserver 10367 Starting - 19/10/2024 21:28:55
================================================================
[21:29:05] txAdmin: Logger started
================================================================
======== txAdmin v7.3.2 atop fxserver 10488 Starting - 19/10/2024 21:30:13
================================================================
[21:30:23] txAdmin: Logger started
================================================================
======== txAdmin v7.3.2 atop fxserver 10488 Starting - 19/10/2024 21:36:42
================================================================
[21:37:01] txAdmin: Logger started
[21:37:31] [rHaQ9#1] DJotaBR: joined with identifiers [steam:1100001071cc5e5; license:c4863b127a3bb644e2f7927977229b814e4b8ced; xbl:2533274995096330; live:985156982311417; discord:216728790850600960; fivem:6780987; license2:31e79e4b5b682e87c3693ddb66112fef0c358129]
[21:42:49] [rHaQ9#1] DJotaBR: disconnected (Exiting)
[21:43:44] [rHaQ9#2] DJotaBR: joined with identifiers [steam:1100001071cc5e5; license:c4863b127a3bb644e2f7927977229b814e4b8ced; xbl:2533274995096330; live:985156982311417; discord:216728790850600960; fivem:6780987; license2:31e79e4b5b682e87c3693ddb66112fef0c358129]
[21:46:17] [rHaQ9#2] DJotaBR: disconnected (Exiting)
[22:15:59] [rHaQ9#3] DJotaBR: joined with identifiers [steam:1100001071cc5e5; license:c4863b127a3bb644e2f7927977229b814e4b8ced; xbl:2533274995096330; live:985156982311417; discord:216728790850600960; fivem:6780987; license2:31e79e4b5b682e87c3693ddb66112fef0c358129]
[23:03:39] [rHaQ9#3] DJotaBR: disconnected (Exiting)
================================================================
======== txAdmin v7.3.2 atop fxserver 10488 Starting - 19/10/2024 23:04:07
================================================================
[23:04:17] txAdmin: Logger started
[23:04:57] [CKaNy#1] DJotaBR: joined with identifiers [steam:1100001071cc5e5; license:c4863b127a3bb644e2f7927977229b814e4b8ced; xbl:2533274995096330; live:985156982311417; discord:216728790850600960; fivem:6780987; license2:31e79e4b5b682e87c3693ddb66112fef0c358129]
[23:06:26] [CKaNy#1] DJotaBR: said "/-showMenu"
[23:06:26] [CKaNy#1] DJotaBR: said "/-showMenu"
[23:35:16] [CKaNy#1] DJotaBR: disconnected (Exiting)
================================================================
======== txAdmin v7.3.2 atop fxserver 10488 Starting - 19/10/2024 23:38:38
================================================================
[23:38:49] txAdmin: Logger started
[23:39:24] [mVGP4#1] DJotaBR: joined with identifiers [steam:1100001071cc5e5; license:c4863b127a3bb644e2f7927977229b814e4b8ced; xbl:2533274995096330; live:985156982311417; discord:216728790850600960; fivem:6780987; license2:31e79e4b5b682e87c3693ddb66112fef0c358129]
[23:40:58] [mVGP4#1] DJotaBR: disconnected (Exiting)
================================================================
======== txAdmin v7.3.2 atop fxserver 10488 Starting - 19/10/2024 23:41:16
================================================================
[23:41:26] txAdmin: Logger started
[23:42:08] [jEqTM#1] DJotaBR: joined with identifiers [steam:1100001071cc5e5; license:c4863b127a3bb644e2f7927977229b814e4b8ced; xbl:2533274995096330; live:985156982311417; discord:216728790850600960; fivem:6780987; license2:31e79e4b5b682e87c3693ddb66112fef0c358129]
================================================================
======== txAdmin v7.3.2 atop fxserver 10488 Starting - 19/10/2024 23:56:06
================================================================
[23:56:25] txAdmin: Logger started
[23:56:37] [4Vkgj#1] DJotaBR: joined with identifiers [steam:1100001071cc5e5; license:c4863b127a3bb644e2f7927977229b814e4b8ced; xbl:2533274995096330; live:985156982311417; discord:216728790850600960; fivem:6780987; license2:31e79e4b5b682e87c3693ddb66112fef0c358129]
