================================================================
======== Log Rotated - 22/10/2024 00:00:00                      
================================================================
[00:47:59] [HPPTG#9] DJotaBR: disconnected (Exiting)
================================================================
======== txAdmin v7.3.2 atop fxserver 10488 Starting - 22/10/2024 19:23:00
================================================================
[19:23:36] txAdmin: Logger started
================================================================
======== txAdmin v7.3.2 atop fxserver 10488 Starting - 22/10/2024 19:45:56
================================================================
[19:46:09] txAdmin: Logger started
[19:49:07] [PcjVH#1] DJotaBR: joined with identifiers [steam:1100001071cc5e5; license:c4863b127a3bb644e2f7927977229b814e4b8ced; xbl:2533274995096330; live:985156982311417; discord:216728790850600960; fivem:6780987; license2:31e79e4b5b682e87c3693ddb66112fef0c358129]
[19:55:14] [PcjVH#1] DJotaBR: disconnected (Exiting)
================================================================
======== txAdmin v7.3.2 atop fxserver 10488 Starting - 22/10/2024 19:56:04
================================================================
[19:56:19] txAdmin: Logger started
================================================================
======== txAdmin v7.3.2 atop fxserver 10488 Starting - 22/10/2024 19:59:44
================================================================
[20:00:00] txAdmin: Logger started
================================================================
======== txAdmin v7.3.2 atop fxserver 10488 Starting - 22/10/2024 20:03:34
================================================================
================================================================
======== txAdmin v7.3.2 atop fxserver 10488 Starting - 22/10/2024 20:05:10
================================================================
================================================================
======== txAdmin v7.3.2 atop fxserver 10488 Starting - 22/10/2024 20:05:31
================================================================
[20:05:46] txAdmin: Logger started
================================================================
======== txAdmin v7.3.2 atop fxserver 10488 Starting - 22/10/2024 20:08:47
================================================================
[20:09:03] txAdmin: Logger started
[20:09:12] [Hkna6#1] DJotaBR: joined with identifiers [steam:1100001071cc5e5; license:c4863b127a3bb644e2f7927977229b814e4b8ced; xbl:2533274995096330; live:985156982311417; discord:216728790850600960; fivem:6780987; license2:31e79e4b5b682e87c3693ddb66112fef0c358129]
[20:10:23] [Hkna6#1] DJotaBR: said "/-showMenu"
[20:10:27] [Hkna6#1] DJotaBR: said "/-showMenu"
[20:18:19] [Hkna6#1] DJotaBR: said "/-showMenu"
================================================================
======== txAdmin v7.3.2 atop fxserver 10488 Starting - 22/10/2024 20:48:30
================================================================
[20:48:59] txAdmin: Logger started
================================================================
======== txAdmin v7.3.2 atop fxserver 10488 Starting - 22/10/2024 22:06:21
================================================================
[22:06:57] txAdmin: Logger started
[22:07:52] [T6TNK#1] DJotaBR: joined with identifiers [steam:1100001071cc5e5; license:c4863b127a3bb644e2f7927977229b814e4b8ced; xbl:2533274995096330; live:985156982311417; discord:216728790850600960; fivem:6780987; license2:31e79e4b5b682e87c3693ddb66112fef0c358129]
[22:26:36] [T6TNK#1] DJotaBR: disconnected (Exiting)
================================================================
======== txAdmin v7.3.2 atop fxserver 10488 Starting - 22/10/2024 22:34:30
================================================================
[22:34:42] txAdmin: Logger started
[22:34:53] [QKc36#1] DJotaBR: joined with identifiers [steam:1100001071cc5e5; license:c4863b127a3bb644e2f7927977229b814e4b8ced; xbl:2533274995096330; live:985156982311417; discord:216728790850600960; fivem:6780987; license2:31e79e4b5b682e87c3693ddb66112fef0c358129]
[23:10:07] [QKc36#1] DJotaBR: disconnected (Exiting)
================================================================
======== txAdmin v7.3.2 atop fxserver 10488 Starting - 22/10/2024 23:12:09
================================================================
================================================================
======== txAdmin v7.3.2 atop fxserver 10488 Starting - 22/10/2024 23:14:25
================================================================
[23:15:32] txAdmin: Logger started
[23:17:23] [8pEVh#1] DJotaBR: joined with identifiers [steam:1100001071cc5e5; license:c4863b127a3bb644e2f7927977229b814e4b8ced; xbl:2533274995096330; live:985156982311417; discord:216728790850600960; fivem:6780987; license2:31e79e4b5b682e87c3693ddb66112fef0c358129]
[23:26:19] [8pEVh#1] DJotaBR: said "/teste"
[23:26:22] [8pEVh#1] DJotaBR: said "teste"
[23:27:19] [8pEVh#1] DJotaBR: said "/-showMenu"
[23:43:43] txAdmin: Logger started
[23:44:32] [jrkUT#1] DJotaBR: joined with identifiers [steam:1100001071cc5e5; license:c4863b127a3bb644e2f7927977229b814e4b8ced; xbl:2533274995096330; live:985156982311417; discord:216728790850600960; fivem:6780987; license2:31e79e4b5b682e87c3693ddb66112fef0c358129]
[23:46:09] [jrkUT#1] DJotaBR: disconnected (Exiting)
[23:46:49] txAdmin: Logger started
[23:48:08] [rBfHw#1] DJotaBR: joined with identifiers [steam:1100001071cc5e5; license:c4863b127a3bb644e2f7927977229b814e4b8ced; xbl:2533274995096330; live:985156982311417; discord:216728790850600960; fivem:6780987; license2:31e79e4b5b682e87c3693ddb66112fef0c358129]
[23:49:12] [rBfHw#1] DJotaBR: disconnected (Exiting)
[23:53:08] txAdmin: Logger started
[23:53:24] [aaAJr#1] DJotaBR: joined with identifiers [steam:1100001071cc5e5; license:c4863b127a3bb644e2f7927977229b814e4b8ced; xbl:2533274995096330; live:985156982311417; discord:216728790850600960; fivem:6780987; license2:31e79e4b5b682e87c3693ddb66112fef0c358129]
