================================================================
======== Log Rotated - 20/10/2024 00:00:00                      
================================================================
================================================================
======== txAdmin v7.3.2 atop fxserver 10488 Starting - 20/10/2024 00:02:55
================================================================
[00:03:08] txAdmin: Logger started
[00:04:09] [MPLYr#1] DJotaBR: joined with identifiers [steam:1100001071cc5e5; license:c4863b127a3bb644e2f7927977229b814e4b8ced; xbl:2533274995096330; live:985156982311417; discord:216728790850600960; fivem:6780987; license2:31e79e4b5b682e87c3693ddb66112fef0c358129]
================================================================
======== txAdmin v7.3.2 atop fxserver 10488 Starting - 20/10/2024 00:21:55
================================================================
[00:22:07] txAdmin: Logger started
================================================================
======== txAdmin v7.3.2 atop fxserver 10488 Starting - 20/10/2024 00:23:29
================================================================
[00:23:39] txAdmin: Logger started
[00:23:51] [dAhkJ#1] DJotaBR: joined with identifiers [steam:1100001071cc5e5; license:c4863b127a3bb644e2f7927977229b814e4b8ced; xbl:2533274995096330; live:985156982311417; discord:216728790850600960; fivem:6780987; license2:31e79e4b5b682e87c3693ddb66112fef0c358129]
================================================================
======== txAdmin v7.3.2 atop fxserver 10488 Starting - 20/10/2024 00:26:29
================================================================
[00:26:41] txAdmin: Logger started
[00:27:35] [8zbx4#1] DJotaBR: joined with identifiers [steam:1100001071cc5e5; license:c4863b127a3bb644e2f7927977229b814e4b8ced; xbl:2533274995096330; live:985156982311417; discord:216728790850600960; fivem:6780987; license2:31e79e4b5b682e87c3693ddb66112fef0c358129]
[00:30:30] [8zbx4#1] DJotaBR: disconnected (Exiting)
================================================================
======== txAdmin v7.3.2 atop fxserver 10488 Starting - 20/10/2024 00:31:05
================================================================
[00:31:18] txAdmin: Logger started
[00:31:31] [VLxdn#1] DJotaBR: joined with identifiers [steam:1100001071cc5e5; license:c4863b127a3bb644e2f7927977229b814e4b8ced; xbl:2533274995096330; live:985156982311417; discord:216728790850600960; fivem:6780987; license2:31e79e4b5b682e87c3693ddb66112fef0c358129]
[00:40:49] [VLxdn#1] DJotaBR: said "/-showMenu"
[00:40:49] [VLxdn#1] DJotaBR: said "/-showMenu"
[00:41:18] [VLxdn#1] DJotaBR: said "/-showMenu"
[00:41:18] [VLxdn#1] DJotaBR: said "/-showMenu"
[00:42:01] [VLxdn#1] DJotaBR: said "/-showMenu"
[00:42:01] [VLxdn#1] DJotaBR: said "/-showMenu"
[00:43:28] [VLxdn#1] DJotaBR: said "/-usePoint"
[00:43:28] [VLxdn#1] DJotaBR: said "/-usePoint"
[00:43:51] [VLxdn#1] DJotaBR: said "item drill"
[00:43:51] [VLxdn#1] DJotaBR: said "item drill"
[00:58:40] [VLxdn#1] DJotaBR: said "/-showMenu"
[00:58:40] [VLxdn#1] DJotaBR: said "/-showMenu"
[00:59:05] [VLxdn#1] DJotaBR: said "/-showMenu"
[00:59:05] [VLxdn#1] DJotaBR: said "/-showMenu"
[01:17:13] [VLxdn#1] DJotaBR: disconnected (Exiting)
[01:38:30] [VLxdn#2] DJotaBR: joined with identifiers [steam:1100001071cc5e5; license:c4863b127a3bb644e2f7927977229b814e4b8ced; xbl:2533274995096330; live:985156982311417; discord:216728790850600960; fivem:6780987; license2:31e79e4b5b682e87c3693ddb66112fef0c358129]
[01:58:45] [VLxdn#2] DJotaBR: said "dwwwwwwdddddddddddddddddddddddddddd"
[01:58:45] [VLxdn#2] DJotaBR: said "dwwwwwwdddddddddddddddddddddddddddd"
[02:19:57] [VLxdn#2] DJotaBR: said "/-showMenu"
[02:19:57] [VLxdn#2] DJotaBR: said "/-showMenu"
[02:21:10] [VLxdn#2] DJotaBR: said "/-usePoint"
[02:21:10] [VLxdn#2] DJotaBR: said "/-usePoint"
[02:21:42] [VLxdn#2] DJotaBR: said "/-usePoint"
[02:21:42] [VLxdn#2] DJotaBR: said "/-usePoint"
[02:21:43] [VLxdn#2] DJotaBR: said "/-usePoint"
[02:21:43] [VLxdn#2] DJotaBR: said "/-usePoint"
[02:34:51] [VLxdn#2] DJotaBR: said "sddddddddddddddddddddd"
[02:34:51] [VLxdn#2] DJotaBR: said "sddddddddddddddddddddd"
[02:37:41] [VLxdn#2] DJotaBR: said "dwwwwwwddddddddddddddddddddddddddddsdw"
[02:37:41] [VLxdn#2] DJotaBR: said "dwwwwwwddddddddddddddddddddddddddddsdw"
[02:38:21] [VLxdn#2] DJotaBR: disconnected (Exiting)
================================================================
======== txAdmin v7.3.2 atop fxserver 10488 Starting - 20/10/2024 12:36:43
================================================================
[12:37:39] txAdmin: Logger started
[12:38:50] [WkfBt#1] Luan Rodrigues: joined with identifiers [steam:110000103301b03; license:5d6d4f0bc896e65f1c6f9c4d242c9a2b94b36f79; discord:268586491683274752; fivem:14048668; license2:7bddbbeebfbe4fbadadfcc131f49983042ba450b]
[12:38:58] [WkfBt#2] DJotaBR: joined with identifiers [steam:1100001071cc5e5; license:c4863b127a3bb644e2f7927977229b814e4b8ced; xbl:2533274995096330; live:985156982311417; discord:216728790850600960; fivem:6780987; license2:31e79e4b5b682e87c3693ddb66112fef0c358129]
[12:48:30] [WkfBt#1] Luan Rodrigues: disconnected (Exiting)
[12:54:14] [WkfBt#2] DJotaBR: disconnected (Exiting)
================================================================
======== txAdmin v7.3.2 atop fxserver 10488 Starting - 20/10/2024 15:35:52
================================================================
[15:36:38] txAdmin: Logger started
[15:37:14] [ddxUn#1] DJotaBR: joined with identifiers [steam:1100001071cc5e5; license:c4863b127a3bb644e2f7927977229b814e4b8ced; xbl:2533274995096330; live:985156982311417; discord:216728790850600960; fivem:6780987; license2:31e79e4b5b682e87c3693ddb66112fef0c358129]
[15:49:32] [ddxUn#1] DJotaBR: said "sdtpooooooooooo"
[15:49:32] [ddxUn#1] DJotaBR: said "sdtpooooooooooo"
[15:49:33] [ddxUn#1] DJotaBR: said "/-showMenu"
[15:49:33] [ddxUn#1] DJotaBR: said "/-showMenu"
[15:49:38] [ddxUn#1] DJotaBR: said "/-showMenu"
[15:49:38] [ddxUn#1] DJotaBR: said "/-showMenu"
[15:55:17] [ddxUn#1] DJotaBR: said "sdtpooooooooooo"
[15:55:17] [ddxUn#1] DJotaBR: said "sdtpooooooooooo"
[16:13:05] [ddxUn#1] DJotaBR: said "/-showMenu"
[16:13:05] [ddxUn#1] DJotaBR: said "/-showMenu"
================================================================
======== txAdmin v7.3.2 atop fxserver 10488 Starting - 20/10/2024 16:41:04
================================================================
[16:41:27] txAdmin: Logger started
[16:42:33] [ihz9z#1] DJotaBR: joined with identifiers [steam:1100001071cc5e5; license:c4863b127a3bb644e2f7927977229b814e4b8ced; xbl:2533274995096330; live:985156982311417; discord:216728790850600960; fivem:6780987; license2:31e79e4b5b682e87c3693ddb66112fef0c358129]
[16:46:56] [ihz9z#1] DJotaBR: said "cxcas"
[18:17:39] [ihz9z#1] DJotaBR: died from suicide (Falling)
[18:39:16] [ihz9z#1] DJotaBR: said "/-showMenu"
[18:40:31] [ihz9z#1] DJotaBR: said "/-showMenu"
[18:40:52] [ihz9z#1] DJotaBR: said "/-showMenu"
[18:42:46] [ihz9z#1] DJotaBR: said "/-usePoint"
[18:42:56] [ihz9z#1] DJotaBR: said "/-usePoint"
[18:43:02] [ihz9z#1] DJotaBR: said "/-usePoint"
[18:43:04] [ihz9z#1] DJotaBR: said "/-usePoint"
[18:43:07] [ihz9z#1] DJotaBR: said "/-usePoint"
[18:43:14] [ihz9z#1] DJotaBR: said "/-usePoint"
[18:43:17] [ihz9z#1] DJotaBR: said "/-usePoint"
[18:43:27] [ihz9z#1] DJotaBR: said "/-usePoint"
[18:43:32] [ihz9z#1] DJotaBR: said "/-usePoint"
[18:43:34] [ihz9z#1] DJotaBR: said "/-usePoint"
[18:43:37] [ihz9z#1] DJotaBR: said "/-usePoint"
[18:43:41] [ihz9z#1] DJotaBR: said "/-usePoint"
[18:43:50] [ihz9z#1] DJotaBR: said "/-usePoint"
[18:43:52] [ihz9z#1] DJotaBR: said "/-usePoint"
[18:43:55] [ihz9z#1] DJotaBR: said "/-usePoint"
[18:44:01] [ihz9z#1] DJotaBR: said "/-usePoint"
[18:44:05] [ihz9z#1] DJotaBR: said "/-usePoint"
[18:44:09] [ihz9z#1] DJotaBR: said "/-usePoint"
[18:44:12] [ihz9z#1] DJotaBR: said "/-usePoint"
[18:44:15] [ihz9z#1] DJotaBR: said "/-usePoint"
[18:44:18] [ihz9z#1] DJotaBR: said "/-usePoint"
[18:44:21] [ihz9z#1] DJotaBR: said "/-usePoint"
[18:44:23] [ihz9z#1] DJotaBR: said "/-usePoint"
[18:44:26] [ihz9z#1] DJotaBR: said "/-usePoint"
[18:44:29] [ihz9z#1] DJotaBR: said "/-usePoint"
[18:44:36] [ihz9z#1] DJotaBR: said "/-usePoint"
[18:44:39] [ihz9z#1] DJotaBR: said "/-usePoint"
[18:44:41] [ihz9z#1] DJotaBR: said "/-usePoint"
[18:44:44] [ihz9z#1] DJotaBR: said "/-usePoint"
[18:44:50] [ihz9z#1] DJotaBR: said "/-usePoint"
[18:44:53] [ihz9z#1] DJotaBR: said "/-usePoint"
[18:44:54] [ihz9z#1] DJotaBR: said "/-usePoint"
[18:44:56] [ihz9z#1] DJotaBR: said "/-usePoint"
[18:44:59] [ihz9z#1] DJotaBR: said "/-usePoint"
[18:45:10] [ihz9z#1] DJotaBR: said "/-usePoint"
[18:45:14] [ihz9z#1] DJotaBR: said "/-usePoint"
[18:45:23] [ihz9z#1] DJotaBR: said "/-usePoint"
[18:45:25] [ihz9z#1] DJotaBR: said "/-usePoint"
[18:45:28] [ihz9z#1] DJotaBR: said "/-usePoint"
[18:45:30] [ihz9z#1] DJotaBR: said "/-usePoint"
[18:45:33] [ihz9z#1] DJotaBR: said "/-usePoint"
[18:45:36] [ihz9z#1] DJotaBR: said "/-usePoint"
[18:45:47] [ihz9z#1] DJotaBR: said "/-usePoint"
[18:45:54] [ihz9z#1] DJotaBR: said "/-usePoint"
[18:46:06] [ihz9z#1] DJotaBR: said "/-usePoint"
[18:46:18] [ihz9z#1] DJotaBR: said "/-usePoint"
[18:46:22] [ihz9z#1] DJotaBR: said "/-usePoint"
[18:46:34] [ihz9z#1] DJotaBR: said "/-usePoint"
[18:46:37] [ihz9z#1] DJotaBR: said "/-usePoint"
[18:46:39] [ihz9z#1] DJotaBR: said "/-usePoint"
[18:46:41] [ihz9z#1] DJotaBR: said "/-usePoint"
[18:46:44] [ihz9z#1] DJotaBR: said "/-usePoint"
[18:46:47] [ihz9z#1] DJotaBR: said "/-usePoint"
[18:46:51] [ihz9z#1] DJotaBR: said "/-usePoint"
[18:46:54] [ihz9z#1] DJotaBR: said "/-usePoint"
[18:47:01] [ihz9z#1] DJotaBR: said "/-usePoint"
[18:47:08] [ihz9z#1] DJotaBR: said "/-usePoint"
[18:47:17] [ihz9z#1] DJotaBR: said "/-usePoint"
[18:47:22] [ihz9z#1] DJotaBR: said "/-usePoint"
[18:47:27] [ihz9z#1] DJotaBR: said "/-usePoint"
[18:47:30] [ihz9z#1] DJotaBR: said "/-usePoint"
[18:47:36] [ihz9z#1] DJotaBR: said "/-usePoint"
[18:47:45] [ihz9z#1] DJotaBR: said "/-usePoint"
[18:47:55] [ihz9z#1] DJotaBR: said "/-usePoint"
[18:48:00] [ihz9z#1] DJotaBR: said "/-usePoint"
[18:48:09] [ihz9z#1] DJotaBR: said "/-usePoint"
[18:48:15] [ihz9z#1] DJotaBR: said "/-usePoint"
[18:48:21] [ihz9z#1] DJotaBR: said "/-usePoint"
[18:48:24] [ihz9z#1] DJotaBR: said "/-usePoint"
[18:48:27] [ihz9z#1] DJotaBR: said "/-usePoint"
[18:48:31] [ihz9z#1] DJotaBR: said "/-usePoint"
[18:48:46] [ihz9z#1] DJotaBR: said "/-usePoint"
[19:01:45] [ihz9z#1] DJotaBR: disconnected (Exiting)
[19:03:42] [ihz9z#2] DJotaBR: joined with identifiers [steam:1100001071cc5e5; license:c4863b127a3bb644e2f7927977229b814e4b8ced; xbl:2533274995096330; live:985156982311417; discord:216728790850600960; fivem:6780987; license2:31e79e4b5b682e87c3693ddb66112fef0c358129]
[19:07:20] [ihz9z#2] DJotaBR: said "/-showMenu"
[19:08:05] [ihz9z#2] DJotaBR: said "/-showMenu"
[22:00:36] [ihz9z#2] DJotaBR: disconnected (Exiting)
================================================================
======== txAdmin v7.3.2 atop fxserver 10488 Starting - 20/10/2024 22:34:39
================================================================
[22:34:51] txAdmin: Logger started
[22:35:52] [hNPnR#1] DJotaBR: joined with identifiers [steam:1100001071cc5e5; license:c4863b127a3bb644e2f7927977229b814e4b8ced; xbl:2533274995096330; live:985156982311417; discord:216728790850600960; fivem:6780987; license2:31e79e4b5b682e87c3693ddb66112fef0c358129]
[22:39:24] [hNPnR#1] DJotaBR: said "/-showMenu"
[22:39:24] [hNPnR#1] DJotaBR: said "/-showMenu"
[22:45:16] [hNPnR#1] DJotaBR: disconnected (Exiting)
[22:50:10] [hNPnR#2] DJotaBR: joined with identifiers [steam:1100001071cc5e5; license:c4863b127a3bb644e2f7927977229b814e4b8ced; xbl:2533274995096330; live:985156982311417; discord:216728790850600960; fivem:6780987; license2:31e79e4b5b682e87c3693ddb66112fef0c358129]
[22:57:46] [hNPnR#2] DJotaBR: disconnected (Exiting)
[23:10:05] [hNPnR#3] DJotaBR: joined with identifiers [steam:1100001071cc5e5; license:c4863b127a3bb644e2f7927977229b814e4b8ced; xbl:2533274995096330; live:985156982311417; discord:216728790850600960; fivem:6780987; license2:31e79e4b5b682e87c3693ddb66112fef0c358129]
[23:11:44] [hNPnR#3] DJotaBR: said "/-showMenu"
[23:11:44] [hNPnR#3] DJotaBR: said "/-showMenu"
[23:12:20] [hNPnR#3] DJotaBR: said "/-showMenu"
[23:12:20] [hNPnR#3] DJotaBR: said "/-showMenu"
================================================================
======== txAdmin v7.3.2 atop fxserver 10488 Starting - 20/10/2024 23:58:22
================================================================
================================================================
======== txAdmin v7.3.2 atop fxserver 10488 Starting - 20/10/2024 23:58:46
================================================================
[23:59:02] txAdmin: Logger started
================================================================
======== txAdmin v7.3.2 atop fxserver 10488 Starting - 20/10/2024 23:59:59
================================================================
