================================================================
======== txAdmin v7.3.2 atop fxserver 10488 Starting - 25/10/2024 15:53:20
================================================================
================================================================
======== Log Rotated - 25/10/2024 15:53:20                      
================================================================
[15:53:51] txAdmin: Logger started
[15:54:20] [kKALk#1] DJotaBR: joined with identifiers [steam:1100001071cc5e5; license:c4863b127a3bb644e2f7927977229b814e4b8ced; xbl:2533274995096330; live:985156982311417; discord:216728790850600960; fivem:6780987; license2:31e79e4b5b682e87c3693ddb66112fef0c358129]
[15:56:18] [kKALk#1] DJotaBR: died from suicide
[15:58:42] [kKALk#1] DJotaBR: said "/-atalhoResourcesDev"
[16:03:11] [kKALk#1] DJotaBR: disconnected (Couldn't load resource core_skills: Couldn't load resource core_skills from resources:/core_skills/:)
================================================================
======== txAdmin v7.3.2 atop fxserver 10488 Starting - 25/10/2024 16:04:38
================================================================
[16:04:54] txAdmin: Logger started
[16:05:49] [zi4CW#1] DJotaBR: joined with identifiers [steam:1100001071cc5e5; license:c4863b127a3bb644e2f7927977229b814e4b8ced; xbl:2533274995096330; live:985156982311417; discord:216728790850600960; fivem:6780987; license2:31e79e4b5b682e87c3693ddb66112fef0c358129]
[16:09:36] [zi4CW#1] DJotaBR: said "/devmenu"
[16:56:57] [zi4CW#1] DJotaBR: said "/menudev"
[17:06:22] [zi4CW#1] DJotaBR: said "/devmenu"
[17:06:33] [zi4CW#1] DJotaBR: said "/devmenu"
[17:06:39] [zi4CW#1] DJotaBR: said "/devmenu"
[17:06:42] [zi4CW#1] DJotaBR: said "/devmenu"
[17:10:13] [zi4CW#1] DJotaBR: said "/-atalhoResourcesDev"
[17:10:19] [zi4CW#1] DJotaBR: said "/-atalhoResourcesDev"
[17:15:14] [zi4CW#1] DJotaBR: said "/-atalhoResourcesDev"
[17:15:16] [zi4CW#1] DJotaBR: said "/-atalhoResourcesDev"
[17:37:41] [zi4CW#1] DJotaBR: said "/-atalhoResourcesDev"
[17:37:44] [zi4CW#1] DJotaBR: said "/-atalhoResourcesDev"
[17:37:53] [zi4CW#1] DJotaBR: said "quit"
[17:38:06] [zi4CW#1] DJotaBR: said "quit"
[17:39:25] [zi4CW#1] DJotaBR: disconnected (Server->client connection timed out. Last seen 99 msec ago.)
[17:39:59] [zi4CW#2] DJotaBR: joined with identifiers [steam:1100001071cc5e5; license:c4863b127a3bb644e2f7927977229b814e4b8ced; xbl:2533274995096330; live:985156982311417; discord:216728790850600960; fivem:6780987; license2:31e79e4b5b682e87c3693ddb66112fef0c358129]
[17:51:09] [zi4CW#2] DJotaBR: said "/-atalhoResourcesDev"
[17:51:41] [zi4CW#2] DJotaBR: said "/menudev"
[17:51:44] [zi4CW#2] DJotaBR: said "/-atalhoResourcesDev"
[17:51:46] [zi4CW#2] DJotaBR: said "/-atalhoResourcesDev"
[18:23:14] [zi4CW#2] DJotaBR: said "/-atalhoResourcesDev"
[18:26:41] [zi4CW#2] DJotaBR: said "/-atalhoResourcesDev"
[18:27:01] [zi4CW#2] DJotaBR: said "/-atalhoResourcesDev"
[19:35:11] [zi4CW#2] DJotaBR: said "/-atalhoResourcesDev"
[19:35:41] [zi4CW#2] DJotaBR: said "/-atalhoResourcesDev"
[19:36:04] [zi4CW#2] DJotaBR: said "/-atalhoResourcesDev"
[19:47:41] [zi4CW#2] DJotaBR: said "/-atalhoResourcesDev"
[19:49:06] [zi4CW#2] DJotaBR: said "/-atalhoResourcesDev"
[19:58:33] [zi4CW#2] DJotaBR: said "/-atalhoResourcesDev"
[19:59:12] [zi4CW#2] DJotaBR: said "/-atalhoResourcesDev"
[20:02:12] [zi4CW#2] DJotaBR: said "/-atalhoResourcesDev"
[20:05:12] [zi4CW#2] DJotaBR: said "/-atalhoResourcesDev"
[20:08:54] [zi4CW#2] DJotaBR: said "/-atalhoResourcesDev"
[20:12:47] [zi4CW#2] DJotaBR: said "/-atalhoResourcesDev"
[20:13:10] [zi4CW#2] DJotaBR: said "/-atalhoResourcesDev"
[20:13:26] [zi4CW#2] DJotaBR: said "/-atalhoResourcesDev"
[20:14:48] [zi4CW#2] DJotaBR: said "/-atalhoResourcesDev"
[20:17:00] [zi4CW#2] DJotaBR: said "/-atalhoResourcesDev"
[20:18:00] [zi4CW#2] DJotaBR: said "/-atalhoResourcesDev"
[20:20:02] [zi4CW#2] DJotaBR: said "/-atalhoResourcesDev"
[20:21:11] [zi4CW#2] DJotaBR: died from suicide
[20:21:52] [zi4CW#2] DJotaBR: said "/-atalhoResourcesDev"
[20:26:13] [zi4CW#2] DJotaBR: said "/-atalhoResourcesDev"
[20:26:47] [zi4CW#2] DJotaBR: said "/-atalhoResourcesDev"
[20:33:50] [zi4CW#2] DJotaBR: said "/-atalhoResourcesDev"
[20:39:23] [zi4CW#2] DJotaBR: said "/-atalhoResourcesDev"
[20:45:17] [zi4CW#2] DJotaBR: said "/-atalhoResourcesDev"
[21:45:28] [zi4CW#2] DJotaBR: said "/-atalhoResourcesDev"
[21:47:36] [zi4CW#2] DJotaBR: said "/-atalhoResourcesDev"
[21:51:33] [zi4CW#2] DJotaBR: said "/-atalhoResourcesDev"
[21:54:28] [zi4CW#2] DJotaBR: said "/-atalhoResourcesDev"
[21:55:03] [zi4CW#2] DJotaBR: said "/-atalhoResourcesDev"
[22:01:00] [zi4CW#2] DJotaBR: said "/-atalhoResourcesDev"
[22:10:59] [zi4CW#2] DJotaBR: said "/-atalhoResourcesDev"
[22:13:34] [zi4CW#2] DJotaBR: said "/-atalhoResourcesDev"
[22:14:23] [zi4CW#2] DJotaBR: said "/-atalhoResourcesDev"
[22:15:21] [zi4CW#2] DJotaBR: said "/-atalhoResourcesDev"
[22:18:59] [zi4CW#2] DJotaBR: said "/-atalhoResourcesDev"
[22:20:17] [zi4CW#2] DJotaBR: said "/-atalhoResourcesDev"
[22:25:29] [zi4CW#2] DJotaBR: said "/-atalhoResourcesDev"
[22:27:51] [zi4CW#2] DJotaBR: said "/-atalhoResourcesDev"
[22:29:22] [zi4CW#2] DJotaBR: said "/-atalhoResourcesDev"
[22:33:09] [zi4CW#2] DJotaBR: said "/-atalhoResourcesDev"
[22:34:27] [zi4CW#2] DJotaBR: said "/-atalhoResourcesDev"
[22:42:36] [zi4CW#2] DJotaBR: said "/-atalhoResourcesDev"
[22:44:34] [zi4CW#2] DJotaBR: said "/-atalhoResourcesDev"
[22:44:45] [zi4CW#2] DJotaBR: said "/-atalhoResourcesDev"
[22:50:19] [zi4CW#2] DJotaBR: said "/-atalhoResourcesDev"
[23:05:58] [zi4CW#2] DJotaBR: said "/-atalhoResourcesDev"
[23:08:21] [zi4CW#2] DJotaBR: said "/-atalhoResourcesDev"
[23:09:46] [zi4CW#2] DJotaBR: said "/-atalhoResourcesDev"
[23:11:28] [zi4CW#2] DJotaBR: said "/-atalhoResourcesDev"
[23:13:05] [zi4CW#2] DJotaBR: said "/-atalhoResourcesDev"
[23:14:30] [zi4CW#2] DJotaBR: said "/-atalhoResourcesDev"
[23:15:06] [zi4CW#2] DJotaBR: said "/-atalhoResourcesDev"
[23:25:18] [zi4CW#2] DJotaBR: said "/-atalhoResourcesDev"
[23:25:25] [zi4CW#2] DJotaBR: said "/-atalhoResourcesDev"
[23:25:29] [zi4CW#2] DJotaBR: said "/-atalhoResourcesDev"
[23:26:44] [zi4CW#2] DJotaBR: said "/-atalhoResourcesDev"
[23:30:07] [zi4CW#2] DJotaBR: said "/-showMenu"
[23:30:10] [zi4CW#2] DJotaBR: said "/-showMenu"
[23:32:26] [zi4CW#2] DJotaBR: said "/-showMenu"
[23:58:37] [zi4CW#2] DJotaBR: said "/-atalhoResourcesDev"
[23:59:16] [zi4CW#2] DJotaBR: said "/-atalhoResourcesDev"
