================================================================
======== Log Rotated - 21/10/2024 00:00:00                      
================================================================
[00:00:11] txAdmin: Logger started
[00:04:38] [qHKEW#1] DJotaBR: joined with identifiers [steam:1100001071cc5e5; license:c4863b127a3bb644e2f7927977229b814e4b8ced; xbl:2533274995096330; live:985156982311417; discord:216728790850600960; fivem:6780987; license2:31e79e4b5b682e87c3693ddb66112fef0c358129]
[00:11:46] [qHKEW#1] DJotaBR: said "/-usePoint"
[00:11:46] [qHKEW#1] DJotaBR: said "/-usePoint"
[00:12:01] [qHKEW#1] DJotaBR: said "/-usePoint"
[00:12:01] [qHKEW#1] DJotaBR: said "/-usePoint"
[00:44:15] [qHKEW#1] DJotaBR: said "/bcida"
[00:44:15] [qHKEW#1] DJotaBR: said "/bcida"
[00:44:24] [qHKEW#1] DJotaBR: said "xx"
[00:44:24] [qHKEW#1] DJotaBR: said "xx"
[00:44:30] [qHKEW#1] DJotaBR: said "/-usePoint"
[00:44:30] [qHKEW#1] DJotaBR: said "/-usePoint"
[00:44:32] [qHKEW#1] DJotaBR: said "/-usePoint"
[00:44:32] [qHKEW#1] DJotaBR: said "/-usePoint"
[00:44:46] [qHKEW#1] DJotaBR: said "/-usePoint"
[00:44:46] [qHKEW#1] DJotaBR: said "/-usePoint"
[00:44:48] [qHKEW#1] DJotaBR: said "/-usePoint"
[00:44:48] [qHKEW#1] DJotaBR: said "/-usePoint"
[00:59:54] [qHKEW#1] DJotaBR: said "/teste"
[00:59:54] [qHKEW#1] DJotaBR: said "/teste"
[01:13:36] [qHKEW#1] DJotaBR: disconnected (Exiting)
================================================================
======== txAdmin v7.3.2 atop fxserver 10488 Starting - 21/10/2024 10:52:15
================================================================
[10:52:41] txAdmin: Logger started
================================================================
======== txAdmin v7.3.2 atop fxserver 10488 Starting - 21/10/2024 10:55:32
================================================================
[10:55:43] txAdmin: Logger started
================================================================
======== txAdmin v7.3.2 atop fxserver 10488 Starting - 21/10/2024 10:56:40
================================================================
[10:56:51] txAdmin: Logger started
================================================================
======== txAdmin v7.3.2 atop fxserver 10488 Starting - 21/10/2024 10:57:46
================================================================
[10:58:01] txAdmin: Logger started
================================================================
======== txAdmin v7.3.2 atop fxserver 10488 Starting - 21/10/2024 11:05:43
================================================================
[11:05:57] txAdmin: Logger started
================================================================
======== txAdmin v7.3.2 atop fxserver 10488 Starting - 21/10/2024 11:07:20
================================================================
[11:07:43] txAdmin: Logger started
[13:36:20] [i9H4b#1] DJotaBR: joined with identifiers [steam:1100001071cc5e5; license:c4863b127a3bb644e2f7927977229b814e4b8ced; xbl:2533274995096330; live:985156982311417; discord:216728790850600960; fivem:6780987; license2:31e79e4b5b682e87c3693ddb66112fef0c358129]
[13:42:42] [i9H4b#1] DJotaBR: said "/admin"
[13:42:42] [i9H4b#1] DJotaBR: said "/admin"
[13:46:17] [i9H4b#1] DJotaBR: disconnected (Exiting)
[13:46:49] [i9H4b#2] DJotaBR: joined with identifiers [steam:1100001071cc5e5; license:c4863b127a3bb644e2f7927977229b814e4b8ced; xbl:2533274995096330; live:985156982311417; discord:216728790850600960; fivem:6780987; license2:31e79e4b5b682e87c3693ddb66112fef0c358129]
[13:52:04] [i9H4b#2] DJotaBR: disconnected (Exiting)
================================================================
======== txAdmin v7.3.2 atop fxserver 10488 Starting - 21/10/2024 15:08:08
================================================================
[15:08:31] txAdmin: Logger started
[15:09:05] [LAp87#1] DJotaBR: joined with identifiers [steam:1100001071cc5e5; license:c4863b127a3bb644e2f7927977229b814e4b8ced; xbl:2533274995096330; live:985156982311417; discord:216728790850600960; fivem:6780987; license2:31e79e4b5b682e87c3693ddb66112fef0c358129]
[15:17:02] [LAp87#1] DJotaBR: disconnected (Exiting)
================================================================
======== txAdmin v7.3.2 atop fxserver 10488 Starting - 21/10/2024 15:24:28
================================================================
[15:24:43] txAdmin: Logger started
[15:25:29] [A7aFD#1] DJotaBR: joined with identifiers [steam:1100001071cc5e5; license:c4863b127a3bb644e2f7927977229b814e4b8ced; xbl:2533274995096330; live:985156982311417; discord:216728790850600960; fivem:6780987; license2:31e79e4b5b682e87c3693ddb66112fef0c358129]
[15:31:35] [A7aFD#1] DJotaBR: disconnected (Exiting)
[15:32:05] [A7aFD#2] DJotaBR: joined with identifiers [steam:1100001071cc5e5; license:c4863b127a3bb644e2f7927977229b814e4b8ced; xbl:2533274995096330; live:985156982311417; discord:216728790850600960; fivem:6780987; license2:31e79e4b5b682e87c3693ddb66112fef0c358129]
[15:33:50] [A7aFD#2] DJotaBR: disconnected (Exiting)
[15:38:08] [A7aFD#3] DJotaBR: joined with identifiers [steam:1100001071cc5e5; license:c4863b127a3bb644e2f7927977229b814e4b8ced; xbl:2533274995096330; live:985156982311417; discord:216728790850600960; fivem:6780987; license2:31e79e4b5b682e87c3693ddb66112fef0c358129]
[15:39:31] [A7aFD#3] DJotaBR: disconnected (Exiting)
================================================================
======== txAdmin v7.3.2 atop fxserver 10488 Starting - 21/10/2024 15:41:06
================================================================
[15:41:31] txAdmin: Logger started
[15:42:01] [xEbiC#1] DJotaBR: joined with identifiers [steam:1100001071cc5e5; license:c4863b127a3bb644e2f7927977229b814e4b8ced; xbl:2533274995096330; live:985156982311417; discord:216728790850600960; fivem:6780987; license2:31e79e4b5b682e87c3693ddb66112fef0c358129]
[15:45:09] [xEbiC#1] DJotaBR: said "/logou"
[15:45:09] [xEbiC#1] DJotaBR: said "/logou"
[15:45:09] [xEbiC#1] DJotaBR: said "t"
[15:45:09] [xEbiC#1] DJotaBR: said "t"
[15:46:18] [xEbiC#1] DJotaBR: disconnected (Exiting)
[15:47:20] [xEbiC#2] DJotaBR: joined with identifiers [steam:1100001071cc5e5; license:c4863b127a3bb644e2f7927977229b814e4b8ced; xbl:2533274995096330; live:985156982311417; discord:216728790850600960; fivem:6780987; license2:31e79e4b5b682e87c3693ddb66112fef0c358129]
[15:51:34] [xEbiC#2] DJotaBR: disconnected (Exiting)
================================================================
======== txAdmin v7.3.2 atop fxserver 10488 Starting - 21/10/2024 15:51:54
================================================================
[15:52:18] txAdmin: Logger started
[15:53:04] [eQXcz#1] DJotaBR: joined with identifiers [steam:1100001071cc5e5; license:c4863b127a3bb644e2f7927977229b814e4b8ced; xbl:2533274995096330; live:985156982311417; discord:216728790850600960; fivem:6780987; license2:31e79e4b5b682e87c3693ddb66112fef0c358129]
[15:55:04] [eQXcz#1] DJotaBR: said "/admin"
[15:55:05] [eQXcz#1] DJotaBR: said "/admin"
[15:55:06] [eQXcz#1] DJotaBR: said "/admin"
[15:55:08] [eQXcz#1] DJotaBR: said "/admin"
[15:55:08] [eQXcz#1] DJotaBR: said "/admin"
[15:55:09] [eQXcz#1] DJotaBR: said "/admin"
[15:55:09] [eQXcz#1] DJotaBR: said "/admin"
[15:55:09] [eQXcz#1] DJotaBR: said "/admin"
[15:55:09] [eQXcz#1] DJotaBR: said "/admin"
[15:55:09] [eQXcz#1] DJotaBR: said "/admin"
[15:55:09] [eQXcz#1] DJotaBR: said "/admin"
[15:55:10] [eQXcz#1] DJotaBR: said "/admin"
[16:46:38] [eQXcz#1] DJotaBR: said "/-usePoint"
[17:07:44] [eQXcz#1] DJotaBR: said "/-showMenu"
[17:07:58] [eQXcz#1] DJotaBR: said "/-showMenu"
[17:08:42] [eQXcz#1] DJotaBR: said "/-showMenu"
[17:20:04] [eQXcz#1] DJotaBR: said "/vec 3"
[17:20:06] [eQXcz#1] DJotaBR: said "/vec3"
[17:20:42] [eQXcz#1] DJotaBR: said "/vec3"
[17:20:53] [eQXcz#1] DJotaBR: said "/vec3"
[17:22:29] [eQXcz#1] DJotaBR: said "/-showMenu"
[17:34:02] [eQXcz#1] DJotaBR: said "/-showMenu"
[17:34:13] [eQXcz#1] DJotaBR: said "/-showMenu"
[21:10:20] [eQXcz#1] DJotaBR: disconnected (Exiting)
[21:29:57] [eQXcz#2] DJotaBR: joined with identifiers [steam:1100001071cc5e5; license:c4863b127a3bb644e2f7927977229b814e4b8ced; xbl:2533274995096330; live:985156982311417; discord:216728790850600960; fivem:6780987; license2:31e79e4b5b682e87c3693ddb66112fef0c358129]
[21:32:37] [eQXcz#2] DJotaBR: disconnected (Exiting)
================================================================
======== txAdmin v7.3.2 atop fxserver 10488 Starting - 21/10/2024 21:34:15
================================================================
[21:34:45] txAdmin: Logger started
[21:35:27] [Lf8BL#1] DJotaBR: joined with identifiers [steam:1100001071cc5e5; license:c4863b127a3bb644e2f7927977229b814e4b8ced; xbl:2533274995096330; live:985156982311417; discord:216728790850600960; fivem:6780987; license2:31e79e4b5b682e87c3693ddb66112fef0c358129]
[21:37:33] [Lf8BL#1] DJotaBR: said "/*showName"
[21:38:22] [Lf8BL#1] DJotaBR: said "/*showName"
[21:58:41] [Lf8BL#1] DJotaBR: disconnected (Exiting)
================================================================
======== txAdmin v7.3.2 atop fxserver 10488 Starting - 21/10/2024 22:05:15
================================================================
[22:05:29] txAdmin: Logger started
[22:06:04] [HPPTG#1] DJotaBR: joined with identifiers [steam:1100001071cc5e5; license:c4863b127a3bb644e2f7927977229b814e4b8ced; xbl:2533274995096330; live:985156982311417; discord:216728790850600960; fivem:6780987; license2:31e79e4b5b682e87c3693ddb66112fef0c358129]
[22:27:40] [HPPTG#1] DJotaBR: disconnected (Exiting)
[22:28:08] [HPPTG#2] DJotaBR: joined with identifiers [steam:1100001071cc5e5; license:c4863b127a3bb644e2f7927977229b814e4b8ced; xbl:2533274995096330; live:985156982311417; discord:216728790850600960; fivem:6780987; license2:31e79e4b5b682e87c3693ddb66112fef0c358129]
[22:28:20] [HPPTG#2] DJotaBR: disconnected (Exiting)
[22:29:26] [HPPTG#3] DJotaBR: joined with identifiers [steam:1100001071cc5e5; license:c4863b127a3bb644e2f7927977229b814e4b8ced; xbl:2533274995096330; live:985156982311417; discord:216728790850600960; fivem:6780987; license2:31e79e4b5b682e87c3693ddb66112fef0c358129]
[22:30:15] [HPPTG#3] DJotaBR: disconnected (Exiting)
[22:31:42] [HPPTG#4] DJotaBR: joined with identifiers [steam:1100001071cc5e5; license:c4863b127a3bb644e2f7927977229b814e4b8ced; xbl:2533274995096330; live:985156982311417; discord:216728790850600960; fivem:6780987; license2:31e79e4b5b682e87c3693ddb66112fef0c358129]
[22:32:03] [HPPTG#4] DJotaBR: disconnected (Exiting)
[22:32:50] [HPPTG#5] DJotaBR: joined with identifiers [steam:1100001071cc5e5; license:c4863b127a3bb644e2f7927977229b814e4b8ced; xbl:2533274995096330; live:985156982311417; discord:216728790850600960; fivem:6780987; license2:31e79e4b5b682e87c3693ddb66112fef0c358129]
[22:43:26] [HPPTG#5] DJotaBR: disconnected (Exiting)
[22:44:56] [HPPTG#6] DJotaBR: joined with identifiers [steam:1100001071cc5e5; license:c4863b127a3bb644e2f7927977229b814e4b8ced; xbl:2533274995096330; live:985156982311417; discord:216728790850600960; fivem:6780987; license2:31e79e4b5b682e87c3693ddb66112fef0c358129]
[22:45:53] [HPPTG#6] DJotaBR: disconnected (Exiting)
[22:46:22] [HPPTG#7] DJotaBR: joined with identifiers [steam:1100001071cc5e5; license:c4863b127a3bb644e2f7927977229b814e4b8ced; xbl:2533274995096330; live:985156982311417; discord:216728790850600960; fivem:6780987; license2:31e79e4b5b682e87c3693ddb66112fef0c358129]
[22:48:48] [HPPTG#7] DJotaBR: disconnected (Exiting)
[22:49:16] [HPPTG#8] DJotaBR: joined with identifiers [steam:1100001071cc5e5; license:c4863b127a3bb644e2f7927977229b814e4b8ced; xbl:2533274995096330; live:985156982311417; discord:216728790850600960; fivem:6780987; license2:31e79e4b5b682e87c3693ddb66112fef0c358129]
[22:51:42] [HPPTG#8] DJotaBR: disconnected (Exiting)
[22:52:13] [HPPTG#9] DJotaBR: joined with identifiers [steam:1100001071cc5e5; license:c4863b127a3bb644e2f7927977229b814e4b8ced; xbl:2533274995096330; live:985156982311417; discord:216728790850600960; fivem:6780987; license2:31e79e4b5b682e87c3693ddb66112fef0c358129]
[23:00:04] [HPPTG#9] DJotaBR: said "/-usePoint"
[23:00:20] [HPPTG#9] DJotaBR: died from suicide (Drowned)
[23:00:30] [HPPTG#9] DJotaBR: died from suicide (Drowned)
[23:01:52] [HPPTG#9] DJotaBR: said "/-usePoint"
[23:01:54] [HPPTG#9] DJotaBR: said "/-usePoint"
[23:43:11] [HPPTG#9] DJotaBR: said "/-usePoint"
[23:43:13] [HPPTG#9] DJotaBR: said "/-usePoint"
